[12:17:41] ensure_admin: 启动，当前管理员=False, frozen=False, exe=C:\Users\92892\AppData\Local\Programs\Python\Python313\pythonw.exe
[12:17:41] ensure_admin: ShellExecuteW 返回 42 (>32 表示已启动提权实例)
[12:17:41] ensure_admin: 启动，当前管理员=True, frozen=False, exe=C:\Users\92892\AppData\Local\Programs\Python\Python313\pythonw.exe
[12:17:45] _do_copy: 本程序管理员=True，模拟 Ctrl+C
[12:17:46] _save: 读取剪贴板 Qt='' Win=''
[12:18:59] ensure_admin: 启动，当前管理员=False, frozen=False, exe=C:\Users\92892\AppData\Local\Programs\Python\Python313\python.exe
[12:18:59] ensure_admin: ShellExecuteW 返回 42 (>32 表示已启动提权实例)
[12:18:59] ensure_admin: 启动，当前管理员=True, frozen=False, exe=C:\Users\92892\AppData\Local\Programs\Python\Python313\python.exe
[12:19:06] _do_copy: 本程序管理员=True，模拟 Ctrl+C
[12:19:16] ensure_admin: 启动，当前管理员=False, frozen=False, exe=C:\Users\92892\AppData\Local\Programs\Python\Python313\python.exe
[12:19:16] ensure_admin: ShellExecuteW 返回 42 (>32 表示已启动提权实例)
[12:19:17] ensure_admin: 启动，当前管理员=True, frozen=False, exe=C:\Users\92892\AppData\Local\Programs\Python\Python313\python.exe
[12:19:25] _do_copy: 本程序管理员=True，模拟 Ctrl+C
[12:19:25] _save: 读取剪贴板 Qt='user32' Win=''
[12:19:53] ensure_admin: 启动，当前管理员=False, frozen=False, exe=C:\Users\92892\AppData\Local\Programs\Python\Python313\pythonw.exe
[12:19:53] ensure_admin: ShellExecuteW 返回 42 (>32 表示已启动提权实例)
[12:19:53] ensure_admin: 启动，当前管理员=True, frozen=False, exe=C:\Users\92892\AppData\Local\Programs\Python\Python313\pythonw.exe
[12:19:56] _do_copy: 本程序管理员=True，模拟 Ctrl+C
[12:19:56] _save: 读取剪贴板 Qt='' Win=''
[12:20:06] _do_copy: 本程序管理员=True，模拟 Ctrl+C
[12:20:15] ensure_admin: 启动，当前管理员=False, frozen=False, exe=C:\Users\92892\AppData\Local\Programs\Python\Python313\pythonw.exe
[12:20:15] ensure_admin: ShellExecuteW 返回 42 (>32 表示已启动提权实例)
[12:20:15] ensure_admin: 启动，当前管理员=True, frozen=False, exe=C:\Users\92892\AppData\Local\Programs\Python\Python313\pythonw.exe
[12:20:18] _do_copy: 本程序管理员=True，模拟 Ctrl+C
[12:25:17] ensure_admin: 启动，当前管理员=False, frozen=False, exe=C:\Users\92892\AppData\Local\Programs\Python\Python313\pythonw.exe
[12:25:17] ensure_admin: ShellExecuteW 返回 42 (>32 表示已启动提权实例)
[12:25:18] ensure_admin: 启动，当前管理员=True, frozen=False, exe=C:\Users\92892\AppData\Local\Programs\Python\Python313\pythonw.exe
[12:25:20] _do_copy: 本程序管理员=True，模拟 Ctrl+C
[12:25:34] ensure_admin: 启动，当前管理员=False, frozen=False, exe=C:\Users\92892\AppData\Local\Programs\Python\Python313\pythonw.exe
[12:25:34] ensure_admin: ShellExecuteW 返回 42 (>32 表示已启动提权实例)
[12:25:34] ensure_admin: 启动，当前管理员=True, frozen=False, exe=C:\Users\92892\AppData\Local\Programs\Python\Python313\pythonw.exe
[12:25:38] _do_copy: 本程序管理员=True，模拟 Ctrl+C
[12:25:38] _save: 读取剪贴板 Qt='windll' Win=''
[12:25:41] _do_copy: 本程序管理员=True，模拟 Ctrl+C
[12:25:41] _save: 读取剪贴板 Qt='user32' Win=''
[12:25:45] _do_copy: 本程序管理员=True，模拟 Ctrl+C
[12:25:45] _save: 读取剪贴板 Qt='user32' Win=''
[12:25:48] _do_copy: 本程序管理员=True，模拟 Ctrl+C
[12:25:49] _save: 读取剪贴板 Qt='ctypes' Win=''
[12:25:54] _do_copy: 本程序管理员=True，模拟 Ctrl+C
[12:25:55] _save: 读取剪贴板 Qt='' Win=''
[12:30:59] ensure_admin: 启动，当前管理员=False, frozen=False, exe=C:\Users\92892\AppData\Local\Programs\Python\Python313\pythonw.exe
[12:30:59] ensure_admin: ShellExecuteW 返回 42 (>32 表示已启动提权实例)
[12:30:59] ensure_admin: 启动，当前管理员=True, frozen=False, exe=C:\Users\92892\AppData\Local\Programs\Python\Python313\pythonw.exe
[12:31:22] ensure_admin: 启动，当前管理员=False, frozen=False, exe=C:\Users\92892\AppData\Local\Programs\Python\Python313\pythonw.exe
[12:31:23] ensure_admin: ShellExecuteW 返回 42 (>32 表示已启动提权实例)
[12:31:23] ensure_admin: 启动，当前管理员=True, frozen=False, exe=C:\Users\92892\AppData\Local\Programs\Python\Python313\pythonw.exe
[12:31:55] ensure_admin: 启动，当前管理员=False, frozen=False, exe=C:\Users\92892\AppData\Local\Programs\Python\Python313\pythonw.exe
[12:31:55] ensure_admin: ShellExecuteW 返回 42 (>32 表示已启动提权实例)
[12:31:55] ensure_admin: 启动，当前管理员=True, frozen=False, exe=C:\Users\92892\AppData\Local\Programs\Python\Python313\pythonw.exe
[12:31:57] _save: 读取剪贴板 Qt='菜单' Win=''
[12:32:02] _save: 读取剪贴板 Qt='能是"弹' Win=''
